# JRE version: Java(TM) SE Runtime Environment (13.0.2+8) (build 13.0.2+8)
# Java VM: Java HotSpot(TM) 64-Bit Server VM (13.0.2+8, mixed mode, sharing, tiered, compressed oops, g1 gc, windows-amd64)
Heap:
 garbage-first heap   total 906240K, used 230400K [0x0000000082c00000, 0x0000000100000000)
  region size 1024K, 3 young (3072K), 3 survivors (3072K)
 Metaspace       used 1782K, capacity 5164K, committed 5504K, reserved 1056768K
  class space    used 201K, capacity 533K, committed 640K, reserved 1048576K
GC Heap History (20 events):
Event: 2.402 GC heap after
{Heap after GC invocations=4 (full 0):
 garbage-first heap   total 129024K, used 61908K [0x0000000082c00000, 0x0000000100000000)
  region size 1024K, 2 young (2048K), 2 survivors (2048K)
 Metaspace       used 1782K, capacity 5164K, committed 5504K, reserved 1056768K
  class space    used 201K, capacity 533K, committed 640K, reserved 1048576K
}
Event: 2.425 GC heap before
{Heap before GC invocations=4 (full 0):
 garbage-first heap   total 129024K, used 77268K [0x0000000082c00000, 0x0000000100000000)
  region size 1024K, 18 young (18432K), 2 survivors (2048K)
 Metaspace       used 1782K, capacity 5164K, committed 5504K, reserved 1056768K
  class space    used 201K, capacity 533K, committed 640K, reserved 1048576K
}
Event: 2.441 GC heap after
{Heap after GC invocations=5 (full 0):
 garbage-first heap   total 129024K, used 77824K [0x0000000082c00000, 0x0000000100000000)
  region size 1024K, 3 young (3072K), 3 survivors (3072K)
 Metaspace       used 1782K, capacity 5164K, committed 5504K, reserved 1056768K
  class space    used 201K, capacity 533K, committed 640K, reserved 1048576K
}
Event: 2.464 GC heap before
{Heap before GC invocations=5 (full 0):
 garbage-first heap   total 129024K, used 90112K [0x0000000082c00000, 0x0000000100000000)
  region size 1024K, 15 young (15360K), 3 survivors (3072K)
 Metaspace       used 1782K, capacity 5164K, committed 5504K, reserved 1056768K
  class space    used 201K, capacity 533K, committed 640K, reserved 1048576K
}
Event: 2.481 GC heap after
{Heap after GC invocations=6 (full 0):
 garbage-first heap   total 160768K, used 90112K [0x0000000082c00000, 0x0000000100000000)
  region size 1024K, 2 young (2048K), 2 survivors (2048K)
 Metaspace       used 1782K, capacity 5164K, committed 5504K, reserved 1056768K
  class space    used 201K, capacity 533K, committed 640K, reserved 1048576K
}
Event: 2.513 GC heap before
{Heap before GC invocations=6 (full 0):
 garbage-first heap   total 167936K, used 101376K [0x0000000082c00000, 0x0000000100000000)
  region size 1024K, 19 young (19456K), 2 survivors (2048K)
 Metaspace       used 1782K, capacity 5164K, committed 5504K, reserved 1056768K
  class space    used 201K, capacity 533K, committed 640K, reserved 1048576K
}
Event: 2.532 GC heap after
{Heap after GC invocations=7 (full 0):
 garbage-first heap   total 167936K, used 100864K [0x0000000082c00000, 0x0000000100000000)
  region size 1024K, 3 young (3072K), 3 survivors (3072K)
 Metaspace       used 1782K, capacity 5164K, committed 5504K, reserved 1056768K
  class space    used 201K, capacity 533K, committed 640K, reserved 1048576K
}
Event: 2.565 GC heap before
{Heap before GC invocations=8 (full 0):
 garbage-first heap   total 167936K, used 116224K [0x0000000082c00000, 0x0000000100000000)
  region size 1024K, 18 young (18432K), 3 survivors (3072K)
 Metaspace       used 1782K, capacity 5164K, committed 5504K, reserved 1056768K
  class space    used 201K, capacity 533K, committed 640K, reserved 1048576K
}
Event: 2.582 GC heap after
{Heap after GC invocations=9 (full 0):
 garbage-first heap   total 167936K, used 115712K [0x0000000082c00000, 0x0000000100000000)
  region size 1024K, 3 young (3072K), 3 survivors (3072K)
 Metaspace       used 1782K, capacity 5164K, committed 5504K, reserved 1056768K
  class space    used 201K, capacity 533K, committed 640K, reserved 1048576K
}
Event: 2.596 GC heap before
{Heap before GC invocations=9 (full 0):
 garbage-first heap   total 167936K, used 126976K [0x0000000082c00000, 0x0000000100000000)
  region size 1024K, 14 young (14336K), 3 survivors (3072K)
 Metaspace       used 1782K, capacity 5164K, committed 5504K, reserved 1056768K
  class space    used 201K, capacity 533K, committed 640K, reserved 1048576K
}
Event: 2.608 GC heap after
{Heap after GC invocations=10 (full 0):
 garbage-first heap   total 167936K, used 126464K [0x0000000082c00000, 0x0000000100000000)
  region size 1024K, 2 young (2048K), 2 survivors (2048K)
 Metaspace       used 1782K, capacity 5164K, committed 5504K, reserved 1056768K
  class space    used 201K, capacity 533K, committed 640K, reserved 1048576K
}
Event: 2.626 GC heap before
{Heap before GC invocations=10 (full 0):
 garbage-first heap   total 167936K, used 133632K [0x0000000082c00000, 0x0000000100000000)
  region size 1024K, 9 young (9216K), 2 survivors (2048K)
 Metaspace       used 1782K, capacity 5164K, committed 5504K, reserved 1056768K
  class space    used 201K, capacity 533K, committed 640K, reserved 1048576K
}
Event: 2.665 GC heap after
{Heap after GC invocations=11 (full 0):
 garbage-first heap   total 257024K, used 133632K [0x0000000082c00000, 0x0000000100000000)
  region size 1024K, 2 young (2048K), 2 survivors (2048K)
 Metaspace       used 1782K, capacity 5164K, committed 5504K, reserved 1056768K
  class space    used 201K, capacity 533K, committed 640K, reserved 1048576K
}
Event: 2.727 GC heap before
{Heap before GC invocations=11 (full 0):
 garbage-first heap   total 257024K, used 163328K [0x0000000082c00000, 0x0000000100000000)
  region size 1024K, 31 young (31744K), 2 survivors (2048K)
 Metaspace       used 1782K, capacity 5164K, committed 5504K, reserved 1056768K
  class space    used 201K, capacity 533K, committed 640K, reserved 1048576K
}
Event: 2.744 GC heap after
{Heap after GC invocations=12 (full 0):
 garbage-first heap   total 257024K, used 161288K [0x0000000082c00000, 0x0000000100000000)
  region size 1024K, 4 young (4096K), 4 survivors (4096K)
 Metaspace       used 1782K, capacity 5164K, committed 5504K, reserved 1056768K
  class space    used 201K, capacity 533K, committed 640K, reserved 1048576K
}
Event: 2.775 GC heap before
{Heap before GC invocations=12 (full 0):
 garbage-first heap   total 302080K, used 182792K [0x0000000082c00000, 0x0000000100000000)
  region size 1024K, 25 young (25600K), 4 survivors (4096K)
 Metaspace       used 1782K, capacity 5164K, committed 5504K, reserved 1056768K
  class space    used 201K, capacity 533K, committed 640K, reserved 1048576K
}
Event: 2.789 GC heap after
{Heap after GC invocations=13 (full 0):
 garbage-first heap   total 302080K, used 183296K [0x0000000082c00000, 0x0000000100000000)
  region size 1024K, 4 young (4096K), 4 survivors (4096K)
 Metaspace       used 1782K, capacity 5164K, committed 5504K, reserved 1056768K
  class space    used 201K, capacity 533K, committed 640K, reserved 1048576K
}
Event: 2.831 GC heap before
{Heap before GC invocations=13 (full 0):
 garbage-first heap   total 302080K, used 210944K [0x0000000082c00000, 0x0000000100000000)
  region size 1024K, 31 young (31744K), 4 survivors (4096K)
 Metaspace       used 1782K, capacity 5164K, committed 5504K, reserved 1056768K
  class space    used 201K, capacity 533K, committed 640K, reserved 1048576K
}
Event: 2.849 GC heap after
{Heap after GC invocations=14 (full 0):
 garbage-first heap   total 302080K, used 210944K [0x0000000082c00000, 0x0000000100000000)
  region size 1024K, 4 young (4096K), 4 survivors (4096K)
 Metaspace       used 1782K, capacity 5164K, committed 5504K, reserved 1056768K
  class space    used 201K, capacity 533K, committed 640K, reserved 1048576K
}
Event: 2.897 GC heap before
{Heap before GC invocations=15 (full 0):
 garbage-first heap   total 302080K, used 229376K [0x0000000082c00000, 0x0000000100000000)
  region size 1024K, 23 young (23552K), 4 survivors (4096K)
 Metaspace       used 1782K, capacity 5164K, committed 5504K, reserved 1056768K
  class space    used 201K, capacity 533K, committed 640K, reserved 1048576K
}

